<?xml version="1.0" encoding="UTF-8"?>
<!-- Generated by org.testng.reporters.JUnitReportReporter -->
<testsuite skipped="0" hostname="ashutosh-PC" name="Self.POC1.HomePage" tests="3" failures="0" timestamp="25 Aug 2019 07:04:06 GMT" time="42.022" errors="0">
  <testcase name="basePageNavigation" time="9.493" classname="Self.POC1.HomePage"/>
  <testcase name="basePageNavigation" time="11.884" classname="Self.POC1.HomePage"/>
  <testcase name="basePageNavigation" time="20.645" classname="Self.POC1.HomePage"/>
</testsuite> <!-- Self.POC1.HomePage -->
