<?xml version="1.0" encoding="UTF-8"?>
<!-- Generated by org.testng.reporters.JUnitReportReporter -->
<testsuite skipped="0" hostname="ashutosh-PC" name="Self.POC1.ValidateTitle" tests="1" failures="0" timestamp="25 Aug 2019 07:04:06 GMT" time="0.041" errors="0">
  <testcase name="basePageNavigation" time="0.041" classname="Self.POC1.ValidateTitle"/>
</testsuite> <!-- Self.POC1.ValidateTitle -->
