<?xml version="1.0" encoding="UTF-8"?>
<!-- Generated by org.testng.reporters.JUnitReportReporter -->
<testsuite skipped="0" hostname="TA-DESK-056.local" name="Self.POC1.HomePage" tests="1" failures="0" timestamp="23 Aug 2019 11:32:42 GMT" time="17.130" errors="0">
  <testcase name="basePageNavigation" time="17.130" classname="Self.POC1.HomePage"/>
</testsuite> <!-- Self.POC1.HomePage -->
