<?xml version="1.0" encoding="UTF-8"?>
<!-- Generated by org.testng.reporters.JUnitReportReporter -->
<testsuite skipped="0" hostname="ashutosh-PC" name="Self.POC1.ValidateNavBar" tests="1" failures="0" timestamp="25 Aug 2019 07:04:06 GMT" time="0.058" errors="0">
  <testcase name="basePageNavigation" time="0.058" classname="Self.POC1.ValidateNavBar"/>
</testsuite> <!-- Self.POC1.ValidateNavBar -->
