<?xml version="1.0" encoding="UTF-8"?>
<!-- Generated by org.testng.reporters.JUnitReportReporter -->
<testsuite skipped="0" hostname="TA-DESK-056.local" name="Self.POC1.HomePage" tests="3" failures="0" timestamp="26 Aug 2019 12:03:07 GMT" time="23.860" errors="0">
  <testcase name="basePageNavigation" time="7.004" classname="Self.POC1.HomePage"/>
  <testcase name="basePageNavigation" time="10.934" classname="Self.POC1.HomePage"/>
  <testcase name="basePageNavigation" time="5.922" classname="Self.POC1.HomePage"/>
</testsuite> <!-- Self.POC1.HomePage -->
