<?xml version="1.0" encoding="UTF-8"?>
<!-- Generated by org.testng.reporters.JUnitReportReporter -->
<testsuite skipped="0" hostname="ashutosh-PC" name="Self.POC1.HomePage" tests="3" failures="0" timestamp="25 Aug 2019 07:19:10 GMT" time="44.272" errors="0">
  <testcase name="basePageNavigation" time="21.823" classname="Self.POC1.HomePage"/>
  <testcase name="basePageNavigation" time="13.080" classname="Self.POC1.HomePage"/>
  <testcase name="basePageNavigation" time="9.369" classname="Self.POC1.HomePage"/>
</testsuite> <!-- Self.POC1.HomePage -->
