<?xml version="1.0" encoding="UTF-8"?>
<!-- Generated by org.testng.reporters.JUnitReportReporter -->
<testsuite skipped="0" hostname="TA-DESK-056.local" name="Self.POC1.ValidateTitle" tests="1" failures="0" timestamp="26 Aug 2019 07:10:42 GMT" time="0.054" errors="0">
  <testcase name="basePageNavigation" time="0.054" classname="Self.POC1.ValidateTitle"/>
</testsuite> <!-- Self.POC1.ValidateTitle -->
